INFO:     Will watch for changes in these directories: ['D:\\CuringGuard']
INFO:     Uvicorn running on http://0.0.0.0:8000 (Press CTRL+C to quit)
INFO:     Started reloader process [15052] using WatchFiles
INFO:     Started server process [8912]
INFO:     Waiting for application startup.
INFO:apscheduler.scheduler:Adding job tentatively -- it will be properly scheduled when the scheduler starts
INFO:apscheduler.scheduler:Adding job tentatively -- it will be properly scheduled when the scheduler starts
INFO:apscheduler.scheduler:Added job "check_curing_status_and_notify" to job store "default"
INFO:apscheduler.scheduler:Added job "process_structure_notifications_job" to job store "default"
INFO:apscheduler.scheduler:Scheduler started
INFO:backend.app.services.cron_service:Background Cron Scheduler started. Tasks scheduled for 8:00 AM daily and structure notifications every minute.
INFO:     Application startup complete.
INFO:apscheduler.executors.default:Running job "process_structure_notifications_job (trigger: cron[minute='*'], next run at: 2026-05-15 02:00:00 +06)" (scheduled at 2026-05-15 02:00:00+06:00)
INFO:backend.app.services.cron_service:Executing Notification Cron Job: Checking scheduled SMS and daily web reminders...
INFO:backend.app.services.cron_service:Notification Cron Job completed successfully.
INFO:apscheduler.executors.default:Job "process_structure_notifications_job (trigger: cron[minute='*'], next run at: 2026-05-15 02:01:00 +06)" executed successfully
INFO:apscheduler.executors.default:Running job "process_structure_notifications_job (trigger: cron[minute='*'], next run at: 2026-05-15 02:02:00 +06)" (scheduled at 2026-05-15 02:01:00+06:00)
INFO:backend.app.services.cron_service:Executing Notification Cron Job: Checking scheduled SMS and daily web reminders...
INFO:backend.app.services.cron_service:Notification Cron Job completed successfully.
INFO:apscheduler.executors.default:Job "process_structure_notifications_job (trigger: cron[minute='*'], next run at: 2026-05-15 02:02:00 +06)" executed successfully
INFO:apscheduler.executors.default:Running job "process_structure_notifications_job (trigger: cron[minute='*'], next run at: 2026-05-15 02:03:00 +06)" (scheduled at 2026-05-15 02:02:00+06:00)
INFO:backend.app.services.cron_service:Executing Notification Cron Job: Checking scheduled SMS and daily web reminders...
INFO:backend.app.services.cron_service:Notification Cron Job completed successfully.
INFO:apscheduler.executors.default:Job "process_structure_notifications_job (trigger: cron[minute='*'], next run at: 2026-05-15 02:03:00 +06)" executed successfully
INFO:apscheduler.executors.default:Running job "process_structure_notifications_job (trigger: cron[minute='*'], next run at: 2026-05-15 02:04:00 +06)" (scheduled at 2026-05-15 02:03:00+06:00)
INFO:backend.app.services.cron_service:Executing Notification Cron Job: Checking scheduled SMS and daily web reminders...
INFO:backend.app.services.cron_service:Notification Cron Job completed successfully.
INFO:apscheduler.executors.default:Job "process_structure_notifications_job (trigger: cron[minute='*'], next run at: 2026-05-15 02:04:00 +06)" executed successfully
INFO:apscheduler.executors.default:Running job "process_structure_notifications_job (trigger: cron[minute='*'], next run at: 2026-05-15 02:05:00 +06)" (scheduled at 2026-05-15 02:04:00+06:00)
INFO:backend.app.services.cron_service:Executing Notification Cron Job: Checking scheduled SMS and daily web reminders...
INFO:backend.app.services.cron_service:Notification Cron Job completed successfully.
INFO:apscheduler.executors.default:Job "process_structure_notifications_job (trigger: cron[minute='*'], next run at: 2026-05-15 02:05:00 +06)" executed successfully
INFO:apscheduler.executors.default:Running job "process_structure_notifications_job (trigger: cron[minute='*'], next run at: 2026-05-15 02:06:00 +06)" (scheduled at 2026-05-15 02:05:00+06:00)
INFO:backend.app.services.cron_service:Executing Notification Cron Job: Checking scheduled SMS and daily web reminders...
INFO:backend.app.services.cron_service:Notification Cron Job completed successfully.
INFO:apscheduler.executors.default:Job "process_structure_notifications_job (trigger: cron[minute='*'], next run at: 2026-05-15 02:06:00 +06)" executed successfully
INFO:apscheduler.executors.default:Running job "process_structure_notifications_job (trigger: cron[minute='*'], next run at: 2026-05-15 02:07:00 +06)" (scheduled at 2026-05-15 02:06:00+06:00)
INFO:backend.app.services.cron_service:Executing Notification Cron Job: Checking scheduled SMS and daily web reminders...
INFO:backend.app.services.cron_service:Notification Cron Job completed successfully.
INFO:apscheduler.executors.default:Job "process_structure_notifications_job (trigger: cron[minute='*'], next run at: 2026-05-15 02:07:00 +06)" executed successfully
INFO:apscheduler.executors.default:Running job "process_structure_notifications_job (trigger: cron[minute='*'], next run at: 2026-05-15 02:08:00 +06)" (scheduled at 2026-05-15 02:07:00+06:00)
INFO:backend.app.services.cron_service:Executing Notification Cron Job: Checking scheduled SMS and daily web reminders...
INFO:backend.app.services.cron_service:Notification Cron Job completed successfully.
INFO:apscheduler.executors.default:Job "process_structure_notifications_job (trigger: cron[minute='*'], next run at: 2026-05-15 02:08:00 +06)" executed successfully
WARNING:  WatchFiles detected changes in 'backend\app\models\users.py'. Reloading...
 INFO:apscheduler.executors.default:Running job "process_structure_notifications_job (trigger: cron[minute='*'], next run at: 2026-05-15 02:09:00 +06)" (scheduled at 2026-05-15 02:08:00+06:00)
INFO:backend.app.services.cron_service:Executing Notification Cron Job: Checking scheduled SMS and daily web reminders...
INFO:backend.app.services.cron_service:Notification Cron Job completed successfully.
INFO:apscheduler.executors.default:Job "process_structure_notifications_job (trigger: cron[minute='*'], next run at: 2026-05-15 02:09:00 +06)" executed successfully
INFO:apscheduler.executors.default:Running job "process_structure_notifications_job (trigger: cron[minute='*'], next run at: 2026-05-15 02:10:00 +06)" (scheduled at 2026-05-15 02:09:00+06:00)
INFO:backend.app.services.cron_service:Executing Notification Cron Job: Checking scheduled SMS and daily web reminders...
INFO:backend.app.services.cron_service:Notification Cron Job completed successfully.
INFO:apscheduler.executors.default:Job "process_structure_notifications_job (trigger: cron[minute='*'], next run at: 2026-05-15 02:10:00 +06)" executed successfully
INFO:     Shutting down
INFO:     Waiting for application shutdown.
INFO:     Application shutdown complete.
INFO:     Finished server process [8912]
WARNING:  WatchFiles detected changes in 'backend\app\routers\auth.py', 'backend\app\schemas\auth.py'. Reloading...
 INFO:     Started server process [8248]
INFO:     Waiting for application startup.
INFO:apscheduler.scheduler:Adding job tentatively -- it will be properly scheduled when the scheduler starts
INFO:apscheduler.scheduler:Adding job tentatively -- it will be properly scheduled when the scheduler starts
INFO:apscheduler.scheduler:Added job "check_curing_status_and_notify" to job store "default"
INFO:apscheduler.scheduler:Added job "process_structure_notifications_job" to job store "default"
INFO:apscheduler.scheduler:Scheduler started
INFO:backend.app.services.cron_service:Background Cron Scheduler started. Tasks scheduled for 8:00 AM daily and structure notifications every minute.
INFO:     Application startup complete.
INFO:     Shutting down
INFO:     Waiting for application shutdown.
INFO:     Application shutdown complete.
INFO:     Finished server process [8248]
INFO:     Started server process [15988]
INFO:     Waiting for application startup.
INFO:apscheduler.scheduler:Adding job tentatively -- it will be properly scheduled when the scheduler starts
INFO:apscheduler.scheduler:Adding job tentatively -- it will be properly scheduled when the scheduler starts
INFO:apscheduler.scheduler:Added job "check_curing_status_and_notify" to job store "default"
INFO:apscheduler.scheduler:Added job "process_structure_notifications_job" to job store "default"
INFO:apscheduler.scheduler:Scheduler started
INFO:backend.app.services.cron_service:Background Cron Scheduler started. Tasks scheduled for 8:00 AM daily and structure notifications every minute.
INFO:     Application startup complete.
INFO:apscheduler.executors.default:Running job "process_structure_notifications_job (trigger: cron[minute='*'], next run at: 2026-05-15 02:10:00 +06)" (scheduled at 2026-05-15 02:10:00+06:00)
INFO:backend.app.services.cron_service:Executing Notification Cron Job: Checking scheduled SMS and daily web reminders...
INFO:backend.app.services.cron_service:Notification Cron Job completed successfully.
INFO:apscheduler.executors.default:Job "process_structure_notifications_job (trigger: cron[minute='*'], next run at: 2026-05-15 02:11:00 +06)" executed successfully
INFO:apscheduler.executors.default:Running job "process_structure_notifications_job (trigger: cron[minute='*'], next run at: 2026-05-15 02:12:00 +06)" (scheduled at 2026-05-15 02:11:00+06:00)
INFO:backend.app.services.cron_service:Executing Notification Cron Job: Checking scheduled SMS and daily web reminders...
INFO:backend.app.services.cron_service:Notification Cron Job completed successfully.
INFO:apscheduler.executors.default:Job "process_structure_notifications_job (trigger: cron[minute='*'], next run at: 2026-05-15 02:12:00 +06)" executed successfully
INFO:apscheduler.executors.default:Running job "process_structure_notifications_job (trigger: cron[minute='*'], next run at: 2026-05-15 02:13:00 +06)" (scheduled at 2026-05-15 02:12:00+06:00)
INFO:backend.app.services.cron_service:Executing Notification Cron Job: Checking scheduled SMS and daily web reminders...
INFO:backend.app.services.cron_service:Notification Cron Job completed successfully.
INFO:apscheduler.executors.default:Job "process_structure_notifications_job (trigger: cron[minute='*'], next run at: 2026-05-15 02:13:00 +06)" executed successfully
INFO:apscheduler.executors.default:Running job "process_structure_notifications_job (trigger: cron[minute='*'], next run at: 2026-05-15 02:14:00 +06)" (scheduled at 2026-05-15 02:13:00+06:00)
INFO:backend.app.services.cron_service:Executing Notification Cron Job: Checking scheduled SMS and daily web reminders...
INFO:backend.app.services.cron_service:Notification Cron Job completed successfully.
INFO:apscheduler.executors.default:Job "process_structure_notifications_job (trigger: cron[minute='*'], next run at: 2026-05-15 02:14:00 +06)" executed successfully
INFO:apscheduler.executors.default:Running job "process_structure_notifications_job (trigger: cron[minute='*'], next run at: 2026-05-15 02:15:00 +06)" (scheduled at 2026-05-15 02:14:00+06:00)
INFO:backend.app.services.cron_service:Executing Notification Cron Job: Checking scheduled SMS and daily web reminders...
INFO:backend.app.services.cron_service:Notification Cron Job completed successfully.
INFO:apscheduler.executors.default:Job "process_structure_notifications_job (trigger: cron[minute='*'], next run at: 2026-05-15 02:15:00 +06)" executed successfully
INFO:apscheduler.executors.default:Running job "process_structure_notifications_job (trigger: cron[minute='*'], next run at: 2026-05-15 02:16:00 +06)" (scheduled at 2026-05-15 02:15:00+06:00)
INFO:backend.app.services.cron_service:Executing Notification Cron Job: Checking scheduled SMS and daily web reminders...
INFO:backend.app.services.cron_service:Notification Cron Job completed successfully.
INFO:apscheduler.executors.default:Job "process_structure_notifications_job (trigger: cron[minute='*'], next run at: 2026-05-15 02:16:00 +06)" executed successfully
INFO:apscheduler.executors.default:Running job "process_structure_notifications_job (trigger: cron[minute='*'], next run at: 2026-05-15 02:17:00 +06)" (scheduled at 2026-05-15 02:16:00+06:00)
INFO:backend.app.services.cron_service:Executing Notification Cron Job: Checking scheduled SMS and daily web reminders...
INFO:backend.app.services.cron_service:Notification Cron Job completed successfully.
INFO:apscheduler.executors.default:Job "process_structure_notifications_job (trigger: cron[minute='*'], next run at: 2026-05-15 02:17:00 +06)" executed successfully
INFO:apscheduler.executors.default:Running job "process_structure_notifications_job (trigger: cron[minute='*'], next run at: 2026-05-15 02:18:00 +06)" (scheduled at 2026-05-15 02:17:00+06:00)
INFO:backend.app.services.cron_service:Executing Notification Cron Job: Checking scheduled SMS and daily web reminders...
INFO:backend.app.services.cron_service:Notification Cron Job completed successfully.
INFO:apscheduler.executors.default:Job "process_structure_notifications_job (trigger: cron[minute='*'], next run at: 2026-05-15 02:18:00 +06)" executed successfully
INFO:apscheduler.executors.default:Running job "process_structure_notifications_job (trigger: cron[minute='*'], next run at: 2026-05-15 02:19:00 +06)" (scheduled at 2026-05-15 02:18:00+06:00)
INFO:backend.app.services.cron_service:Executing Notification Cron Job: Checking scheduled SMS and daily web reminders...
INFO:backend.app.services.cron_service:Notification Cron Job completed successfully.
INFO:apscheduler.executors.default:Job "process_structure_notifications_job (trigger: cron[minute='*'], next run at: 2026-05-15 02:19:00 +06)" executed successfully
INFO:apscheduler.executors.default:Running job "process_structure_notifications_job (trigger: cron[minute='*'], next run at: 2026-05-15 02:20:00 +06)" (scheduled at 2026-05-15 02:19:00+06:00)
INFO:backend.app.services.cron_service:Executing Notification Cron Job: Checking scheduled SMS and daily web reminders...
INFO:backend.app.services.cron_service:Notification Cron Job completed successfully.
INFO:apscheduler.executors.default:Job "process_structure_notifications_job (trigger: cron[minute='*'], next run at: 2026-05-15 02:20:00 +06)" executed successfully
INFO:apscheduler.executors.default:Running job "process_structure_notifications_job (trigger: cron[minute='*'], next run at: 2026-05-15 02:21:00 +06)" (scheduled at 2026-05-15 02:20:00+06:00)
INFO:backend.app.services.cron_service:Executing Notification Cron Job: Checking scheduled SMS and daily web reminders...
INFO:backend.app.services.cron_service:Notification Cron Job completed successfully.
INFO:apscheduler.executors.default:Job "process_structure_notifications_job (trigger: cron[minute='*'], next run at: 2026-05-15 02:21:00 +06)" executed successfully
INFO:apscheduler.executors.default:Running job "process_structure_notifications_job (trigger: cron[minute='*'], next run at: 2026-05-15 02:22:00 +06)" (scheduled at 2026-05-15 02:21:00+06:00)
INFO:backend.app.services.cron_service:Executing Notification Cron Job: Checking scheduled SMS and daily web reminders...
INFO:backend.app.services.cron_service:Notification Cron Job completed successfully.
INFO:apscheduler.executors.default:Job "process_structure_notifications_job (trigger: cron[minute='*'], next run at: 2026-05-15 02:22:00 +06)" executed successfully
INFO:apscheduler.executors.default:Running job "process_structure_notifications_job (trigger: cron[minute='*'], next run at: 2026-05-15 02:23:00 +06)" (scheduled at 2026-05-15 02:22:00+06:00)
INFO:backend.app.services.cron_service:Executing Notification Cron Job: Checking scheduled SMS and daily web reminders...
INFO:backend.app.services.cron_service:Notification Cron Job completed successfully.
INFO:apscheduler.executors.default:Job "process_structure_notifications_job (trigger: cron[minute='*'], next run at: 2026-05-15 02:23:00 +06)" executed successfully
INFO:     127.0.0.1:4631 - "POST /api/auth/forgot-password/request HTTP/1.1" 200 OK
INFO:apscheduler.executors.default:Running job "process_structure_notifications_job (trigger: cron[minute='*'], next run at: 2026-05-15 02:24:00 +06)" (scheduled at 2026-05-15 02:23:00+06:00)
INFO:backend.app.services.cron_service:Executing Notification Cron Job: Checking scheduled SMS and daily web reminders...
INFO:backend.app.services.cron_service:Notification Cron Job completed successfully.
INFO:apscheduler.executors.default:Job "process_structure_notifications_job (trigger: cron[minute='*'], next run at: 2026-05-15 02:24:00 +06)" executed successfully
INFO:     127.0.0.1:2849 - "POST /api/auth/forgot-password/verify HTTP/1.1" 500 Internal Server Error
INFO:apscheduler.executors.default:Running job "process_structure_notifications_job (trigger: cron[minute='*'], next run at: 2026-05-15 02:25:00 +06)" (scheduled at 2026-05-15 02:24:00+06:00)
INFO:backend.app.services.cron_service:Executing Notification Cron Job: Checking scheduled SMS and daily web reminders...
INFO:backend.app.services.cron_service:Notification Cron Job completed successfully.
INFO:apscheduler.executors.default:Job "process_structure_notifications_job (trigger: cron[minute='*'], next run at: 2026-05-15 02:25:00 +06)" executed successfully
WARNING:  WatchFiles detected changes in 'backend\app\routers\auth.py'. Reloading...
 INFO:apscheduler.executors.default:Running job "process_structure_notifications_job (trigger: cron[minute='*'], next run at: 2026-05-15 02:26:00 +06)" (scheduled at 2026-05-15 02:25:00+06:00)
INFO:backend.app.services.cron_service:Executing Notification Cron Job: Checking scheduled SMS and daily web reminders...
INFO:backend.app.services.cron_service:Notification Cron Job completed successfully.
INFO:apscheduler.executors.default:Job "process_structure_notifications_job (trigger: cron[minute='*'], next run at: 2026-05-15 02:26:00 +06)" executed successfully
INFO:apscheduler.executors.default:Running job "process_structure_notifications_job (trigger: cron[minute='*'], next run at: 2026-05-15 02:27:00 +06)" (scheduled at 2026-05-15 02:26:00+06:00)
INFO:backend.app.services.cron_service:Executing Notification Cron Job: Checking scheduled SMS and daily web reminders...
INFO:backend.app.services.cron_service:Notification Cron Job completed successfully.
INFO:apscheduler.executors.default:Job "process_structure_notifications_job (trigger: cron[minute='*'], next run at: 2026-05-15 02:27:00 +06)" executed successfully
INFO:     127.0.0.1:4437 - "POST /api/auth/forgot-password/request HTTP/1.1" 404 Not Found
INFO:     127.0.0.1:4442 - "POST /api/auth/forgot-password/request HTTP/1.1" 200 OK
INFO:apscheduler.executors.default:Running job "process_structure_notifications_job (trigger: cron[minute='*'], next run at: 2026-05-15 02:28:00 +06)" (scheduled at 2026-05-15 02:27:00+06:00)
INFO:backend.app.services.cron_service:Executing Notification Cron Job: Checking scheduled SMS and daily web reminders...
INFO:backend.app.services.cron_service:Notification Cron Job completed successfully.
INFO:apscheduler.executors.default:Job "process_structure_notifications_job (trigger: cron[minute='*'], next run at: 2026-05-15 02:28:00 +06)" executed successfully
INFO:     127.0.0.1:4448 - "POST /api/auth/forgot-password/verify HTTP/1.1" 500 Internal Server Error
INFO:apscheduler.executors.default:Running job "process_structure_notifications_job (trigger: cron[minute='*'], next run at: 2026-05-15 02:29:00 +06)" (scheduled at 2026-05-15 02:28:00+06:00)
INFO:backend.app.services.cron_service:Executing Notification Cron Job: Checking scheduled SMS and daily web reminders...
INFO:backend.app.services.cron_service:Notification Cron Job completed successfully.
INFO:apscheduler.executors.default:Job "process_structure_notifications_job (trigger: cron[minute='*'], next run at: 2026-05-15 02:29:00 +06)" executed successfully
INFO:apscheduler.executors.default:Running job "process_structure_notifications_job (trigger: cron[minute='*'], next run at: 2026-05-15 02:30:00 +06)" (scheduled at 2026-05-15 02:29:00+06:00)
INFO:backend.app.services.cron_service:Executing Notification Cron Job: Checking scheduled SMS and daily web reminders...
INFO:backend.app.services.cron_service:Notification Cron Job completed successfully.
INFO:apscheduler.executors.default:Job "process_structure_notifications_job (trigger: cron[minute='*'], next run at: 2026-05-15 02:30:00 +06)" executed successfully
INFO:apscheduler.executors.default:Running job "process_structure_notifications_job (trigger: cron[minute='*'], next run at: 2026-05-15 02:31:00 +06)" (scheduled at 2026-05-15 02:30:00+06:00)
INFO:backend.app.services.cron_service:Executing Notification Cron Job: Checking scheduled SMS and daily web reminders...
INFO:backend.app.services.cron_service:Notification Cron Job completed successfully.
INFO:apscheduler.executors.default:Job "process_structure_notifications_job (trigger: cron[minute='*'], next run at: 2026-05-15 02:31:00 +06)" executed successfully
INFO:apscheduler.executors.default:Running job "process_structure_notifications_job (trigger: cron[minute='*'], next run at: 2026-05-15 02:32:00 +06)" (scheduled at 2026-05-15 02:31:00+06:00)
INFO:backend.app.services.cron_service:Executing Notification Cron Job: Checking scheduled SMS and daily web reminders...
INFO:backend.app.services.cron_service:Notification Cron Job completed successfully.
INFO:apscheduler.executors.default:Job "process_structure_notifications_job (trigger: cron[minute='*'], next run at: 2026-05-15 02:32:00 +06)" executed successfully
INFO:apscheduler.executors.default:Running job "process_structure_notifications_job (trigger: cron[minute='*'], next run at: 2026-05-15 02:33:00 +06)" (scheduled at 2026-05-15 02:32:00+06:00)
INFO:backend.app.services.cron_service:Executing Notification Cron Job: Checking scheduled SMS and daily web reminders...
INFO:backend.app.services.cron_service:Notification Cron Job completed successfully.
INFO:apscheduler.executors.default:Job "process_structure_notifications_job (trigger: cron[minute='*'], next run at: 2026-05-15 02:33:00 +06)" executed successfully
INFO:apscheduler.executors.default:Running job "process_structure_notifications_job (trigger: cron[minute='*'], next run at: 2026-05-15 02:34:00 +06)" (scheduled at 2026-05-15 02:33:00+06:00)
INFO:backend.app.services.cron_service:Executing Notification Cron Job: Checking scheduled SMS and daily web reminders...
INFO:backend.app.services.cron_service:Notification Cron Job completed successfully.
INFO:apscheduler.executors.default:Job "process_structure_notifications_job (trigger: cron[minute='*'], next run at: 2026-05-15 02:34:00 +06)" executed successfully
INFO:     127.0.0.1:1592 - "POST /api/auth/forgot-password/request HTTP/1.1" 200 OK
INFO:     127.0.0.1:9051 - "POST /api/auth/forgot-password/verify HTTP/1.1" 500 Internal Server Error
INFO:apscheduler.executors.default:Running job "process_structure_notifications_job (trigger: cron[minute='*'], next run at: 2026-05-15 02:35:00 +06)" (scheduled at 2026-05-15 02:34:00+06:00)
INFO:backend.app.services.cron_service:Executing Notification Cron Job: Checking scheduled SMS and daily web reminders...
INFO:backend.app.services.cron_service:Notification Cron Job completed successfully.
INFO:apscheduler.executors.default:Job "process_structure_notifications_job (trigger: cron[minute='*'], next run at: 2026-05-15 02:35:00 +06)" executed successfully
INFO:     127.0.0.1:14014 - "POST /api/auth/forgot-password/verify HTTP/1.1" 500 Internal Server Error
INFO:     127.0.0.1:1275 - "POST /api/auth/forgot-password/verify HTTP/1.1" 500 Internal Server Error
INFO:apscheduler.executors.default:Running job "process_structure_notifications_job (trigger: cron[minute='*'], next run at: 2026-05-15 02:36:00 +06)" (scheduled at 2026-05-15 02:35:00+06:00)
INFO:backend.app.services.cron_service:Executing Notification Cron Job: Checking scheduled SMS and daily web reminders...
INFO:backend.app.services.cron_service:Notification Cron Job completed successfully.
INFO:apscheduler.executors.default:Job "process_structure_notifications_job (trigger: cron[minute='*'], next run at: 2026-05-15 02:36:00 +06)" executed successfully
INFO:     127.0.0.1:14922 - "GET /openapi.json HTTP/1.1" 200 OK
INFO:apscheduler.executors.default:Running job "process_structure_notifications_job (trigger: cron[minute='*'], next run at: 2026-05-15 02:37:00 +06)" (scheduled at 2026-05-15 02:36:00+06:00)
INFO:backend.app.services.cron_service:Executing Notification Cron Job: Checking scheduled SMS and daily web reminders...
INFO:backend.app.services.cron_service:Notification Cron Job completed successfully.
INFO:apscheduler.executors.default:Job "process_structure_notifications_job (trigger: cron[minute='*'], next run at: 2026-05-15 02:37:00 +06)" executed successfully
INFO:     127.0.0.1:1286 - "POST /api/auth/forgot-password/request HTTP/1.1" 200 OK
INFO:     127.0.0.1:1291 - "POST /api/auth/forgot-password/verify HTTP/1.1" 500 Internal Server Error
INFO:apscheduler.executors.default:Running job "process_structure_notifications_job (trigger: cron[minute='*'], next run at: 2026-05-15 02:38:00 +06)" (scheduled at 2026-05-15 02:37:00+06:00)
INFO:backend.app.services.cron_service:Executing Notification Cron Job: Checking scheduled SMS and daily web reminders...
INFO:backend.app.services.cron_service:Notification Cron Job completed successfully.
INFO:apscheduler.executors.default:Job "process_structure_notifications_job (trigger: cron[minute='*'], next run at: 2026-05-15 02:38:00 +06)" executed successfully
INFO:apscheduler.executors.default:Running job "process_structure_notifications_job (trigger: cron[minute='*'], next run at: 2026-05-15 02:39:00 +06)" (scheduled at 2026-05-15 02:38:00+06:00)
INFO:backend.app.services.cron_service:Executing Notification Cron Job: Checking scheduled SMS and daily web reminders...
INFO:backend.app.services.cron_service:Notification Cron Job completed successfully.
INFO:apscheduler.executors.default:Job "process_structure_notifications_job (trigger: cron[minute='*'], next run at: 2026-05-15 02:39:00 +06)" executed successfully
INFO:     127.0.0.1:4996 - "POST /api/auth/forgot-password/request HTTP/1.1" 200 OK
INFO:apscheduler.executors.default:Running job "process_structure_notifications_job (trigger: cron[minute='*'], next run at: 2026-05-15 02:40:00 +06)" (scheduled at 2026-05-15 02:39:00+06:00)
INFO:backend.app.services.cron_service:Executing Notification Cron Job: Checking scheduled SMS and daily web reminders...
INFO:backend.app.services.cron_service:Notification Cron Job completed successfully.
INFO:apscheduler.executors.default:Job "process_structure_notifications_job (trigger: cron[minute='*'], next run at: 2026-05-15 02:40:00 +06)" executed successfully
INFO:     127.0.0.1:5016 - "POST /api/auth/forgot-password/verify HTTP/1.1" 500 Internal Server Error
INFO:     127.0.0.1:8036 - "GET /openapi.json HTTP/1.1" 200 OK
INFO:apscheduler.executors.default:Running job "process_structure_notifications_job (trigger: cron[minute='*'], next run at: 2026-05-15 02:41:00 +06)" (scheduled at 2026-05-15 02:40:00+06:00)
INFO:backend.app.services.cron_service:Executing Notification Cron Job: Checking scheduled SMS and daily web reminders...
INFO:backend.app.services.cron_service:Notification Cron Job completed successfully.
INFO:apscheduler.executors.default:Job "process_structure_notifications_job (trigger: cron[minute='*'], next run at: 2026-05-15 02:41:00 +06)" executed successfully
INFO:     127.0.0.1:8060 - "POST /api/auth/forgot-password/request HTTP/1.1" 200 OK
INFO:apscheduler.executors.default:Running job "process_structure_notifications_job (trigger: cron[minute='*'], next run at: 2026-05-15 02:42:00 +06)" (scheduled at 2026-05-15 02:41:00+06:00)
INFO:backend.app.services.cron_service:Executing Notification Cron Job: Checking scheduled SMS and daily web reminders...
INFO:backend.app.services.cron_service:Notification Cron Job completed successfully.
INFO:apscheduler.executors.default:Job "process_structure_notifications_job (trigger: cron[minute='*'], next run at: 2026-05-15 02:42:00 +06)" executed successfully
INFO:     127.0.0.1:8085 - "GET /openapi.json HTTP/1.1" 200 OK
INFO:     127.0.0.1:8088 - "POST /api/auth/forgot-password/verify HTTP/1.1" 500 Internal Server Error
INFO:apscheduler.executors.default:Running job "process_structure_notifications_job (trigger: cron[minute='*'], next run at: 2026-05-15 02:43:00 +06)" (scheduled at 2026-05-15 02:42:00+06:00)
INFO:backend.app.services.cron_service:Executing Notification Cron Job: Checking scheduled SMS and daily web reminders...
INFO:backend.app.services.cron_service:Notification Cron Job completed successfully.
INFO:apscheduler.executors.default:Job "process_structure_notifications_job (trigger: cron[minute='*'], next run at: 2026-05-15 02:43:00 +06)" executed successfully
INFO:apscheduler.executors.default:Running job "process_structure_notifications_job (trigger: cron[minute='*'], next run at: 2026-05-15 02:44:00 +06)" (scheduled at 2026-05-15 02:43:00+06:00)
INFO:backend.app.services.cron_service:Executing Notification Cron Job: Checking scheduled SMS and daily web reminders...
INFO:backend.app.services.cron_service:Notification Cron Job completed successfully.
INFO:apscheduler.executors.default:Job "process_structure_notifications_job (trigger: cron[minute='*'], next run at: 2026-05-15 02:44:00 +06)" executed successfully
INFO:apscheduler.executors.default:Running job "process_structure_notifications_job (trigger: cron[minute='*'], next run at: 2026-05-15 02:45:00 +06)" (scheduled at 2026-05-15 02:44:00+06:00)
INFO:backend.app.services.cron_service:Executing Notification Cron Job: Checking scheduled SMS and daily web reminders...
INFO:backend.app.services.cron_service:Notification Cron Job completed successfully.
INFO:apscheduler.executors.default:Job "process_structure_notifications_job (trigger: cron[minute='*'], next run at: 2026-05-15 02:45:00 +06)" executed successfully
INFO:apscheduler.executors.default:Running job "process_structure_notifications_job (trigger: cron[minute='*'], next run at: 2026-05-15 02:46:00 +06)" (scheduled at 2026-05-15 02:45:00+06:00)
INFO:backend.app.services.cron_service:Executing Notification Cron Job: Checking scheduled SMS and daily web reminders...
INFO:backend.app.services.cron_service:Notification Cron Job completed successfully.
INFO:apscheduler.executors.default:Job "process_structure_notifications_job (trigger: cron[minute='*'], next run at: 2026-05-15 02:46:00 +06)" executed successfully
INFO:apscheduler.executors.default:Running job "process_structure_notifications_job (trigger: cron[minute='*'], next run at: 2026-05-15 02:47:00 +06)" (scheduled at 2026-05-15 02:46:00+06:00)
INFO:backend.app.services.cron_service:Executing Notification Cron Job: Checking scheduled SMS and daily web reminders...
INFO:backend.app.services.cron_service:Notification Cron Job completed successfully.
INFO:apscheduler.executors.default:Job "process_structure_notifications_job (trigger: cron[minute='*'], next run at: 2026-05-15 02:47:00 +06)" executed successfully
INFO:apscheduler.executors.default:Running job "process_structure_notifications_job (trigger: cron[minute='*'], next run at: 2026-05-15 02:48:00 +06)" (scheduled at 2026-05-15 02:47:00+06:00)
INFO:backend.app.services.cron_service:Executing Notification Cron Job: Checking scheduled SMS and daily web reminders...
INFO:backend.app.services.cron_service:Notification Cron Job completed successfully.
INFO:apscheduler.executors.default:Job "process_structure_notifications_job (trigger: cron[minute='*'], next run at: 2026-05-15 02:48:00 +06)" executed successfully
INFO:apscheduler.executors.default:Running job "process_structure_notifications_job (trigger: cron[minute='*'], next run at: 2026-05-15 02:49:00 +06)" (scheduled at 2026-05-15 02:48:00+06:00)
INFO:backend.app.services.cron_service:Executing Notification Cron Job: Checking scheduled SMS and daily web reminders...
INFO:backend.app.services.cron_service:Notification Cron Job completed successfully.
INFO:apscheduler.executors.default:Job "process_structure_notifications_job (trigger: cron[minute='*'], next run at: 2026-05-15 02:49:00 +06)" executed successfully
INFO:     127.0.0.1:6262 - "POST /api/auth/login HTTP/1.1" 200 OK
INFO:     127.0.0.1:4047 - "GET /api/progress/dashboard-summary HTTP/1.1" 200 OK
INFO:     127.0.0.1:14396 - "GET /api/notifications/web?unread_only=false HTTP/1.1" 200 OK
INFO:     127.0.0.1:6243 - "GET /api/progress/dashboard-summary HTTP/1.1" 200 OK
INFO:     127.0.0.1:6244 - "GET /api/system/settings HTTP/1.1" 200 OK
INFO:     127.0.0.1:12800 - "GET /api/notifications/web?unread_only=false HTTP/1.1" 200 OK
INFO:     127.0.0.1:10500 - "GET /api/system/settings HTTP/1.1" 200 OK
INFO:apscheduler.executors.default:Running job "process_structure_notifications_job (trigger: cron[minute='*'], next run at: 2026-05-15 02:50:00 +06)" (scheduled at 2026-05-15 02:49:00+06:00)
INFO:backend.app.services.cron_service:Executing Notification Cron Job: Checking scheduled SMS and daily web reminders...
INFO:backend.app.services.cron_service:Notification Cron Job completed successfully.
INFO:apscheduler.executors.default:Job "process_structure_notifications_job (trigger: cron[minute='*'], next run at: 2026-05-15 02:50:00 +06)" executed successfully
INFO:apscheduler.executors.default:Running job "process_structure_notifications_job (trigger: cron[minute='*'], next run at: 2026-05-15 02:51:00 +06)" (scheduled at 2026-05-15 02:50:00+06:00)
INFO:backend.app.services.cron_service:Executing Notification Cron Job: Checking scheduled SMS and daily web reminders...
INFO:backend.app.services.cron_service:Notification Cron Job completed successfully.
INFO:apscheduler.executors.default:Job "process_structure_notifications_job (trigger: cron[minute='*'], next run at: 2026-05-15 02:51:00 +06)" executed successfully
INFO:apscheduler.executors.default:Running job "process_structure_notifications_job (trigger: cron[minute='*'], next run at: 2026-05-15 02:52:00 +06)" (scheduled at 2026-05-15 02:51:00+06:00)
INFO:backend.app.services.cron_service:Executing Notification Cron Job: Checking scheduled SMS and daily web reminders...
INFO:backend.app.services.cron_service:Notification Cron Job completed successfully.
INFO:apscheduler.executors.default:Job "process_structure_notifications_job (trigger: cron[minute='*'], next run at: 2026-05-15 02:52:00 +06)" executed successfully
INFO:apscheduler.executors.default:Running job "process_structure_notifications_job (trigger: cron[minute='*'], next run at: 2026-05-15 02:53:00 +06)" (scheduled at 2026-05-15 02:52:00+06:00)
INFO:backend.app.services.cron_service:Executing Notification Cron Job: Checking scheduled SMS and daily web reminders...
INFO:backend.app.services.cron_service:Notification Cron Job completed successfully.
INFO:apscheduler.executors.default:Job "process_structure_notifications_job (trigger: cron[minute='*'], next run at: 2026-05-15 02:53:00 +06)" executed successfully
INFO:apscheduler.executors.default:Running job "process_structure_notifications_job (trigger: cron[minute='*'], next run at: 2026-05-15 02:54:00 +06)" (scheduled at 2026-05-15 02:53:00+06:00)
INFO:backend.app.services.cron_service:Executing Notification Cron Job: Checking scheduled SMS and daily web reminders...
INFO:backend.app.services.cron_service:Notification Cron Job completed successfully.
INFO:apscheduler.executors.default:Job "process_structure_notifications_job (trigger: cron[minute='*'], next run at: 2026-05-15 02:54:00 +06)" executed successfully
INFO:apscheduler.executors.default:Running job "process_structure_notifications_job (trigger: cron[minute='*'], next run at: 2026-05-15 02:55:00 +06)" (scheduled at 2026-05-15 02:54:00+06:00)
INFO:backend.app.services.cron_service:Executing Notification Cron Job: Checking scheduled SMS and daily web reminders...
INFO:backend.app.services.cron_service:Notification Cron Job completed successfully.
INFO:apscheduler.executors.default:Job "process_structure_notifications_job (trigger: cron[minute='*'], next run at: 2026-05-15 02:55:00 +06)" executed successfully
INFO:apscheduler.executors.default:Running job "process_structure_notifications_job (trigger: cron[minute='*'], next run at: 2026-05-15 02:56:00 +06)" (scheduled at 2026-05-15 02:55:00+06:00)
INFO:backend.app.services.cron_service:Executing Notification Cron Job: Checking scheduled SMS and daily web reminders...
INFO:backend.app.services.cron_service:Notification Cron Job completed successfully.
INFO:apscheduler.executors.default:Job "process_structure_notifications_job (trigger: cron[minute='*'], next run at: 2026-05-15 02:56:00 +06)" executed successfully
INFO:apscheduler.executors.default:Running job "process_structure_notifications_job (trigger: cron[minute='*'], next run at: 2026-05-15 02:57:00 +06)" (scheduled at 2026-05-15 02:56:00+06:00)
INFO:backend.app.services.cron_service:Executing Notification Cron Job: Checking scheduled SMS and daily web reminders...
INFO:backend.app.services.cron_service:Notification Cron Job completed successfully.
INFO:apscheduler.executors.default:Job "process_structure_notifications_job (trigger: cron[minute='*'], next run at: 2026-05-15 02:57:00 +06)" executed successfully
INFO:apscheduler.executors.default:Running job "process_structure_notifications_job (trigger: cron[minute='*'], next run at: 2026-05-15 02:58:00 +06)" (scheduled at 2026-05-15 02:57:00+06:00)
INFO:backend.app.services.cron_service:Executing Notification Cron Job: Checking scheduled SMS and daily web reminders...
INFO:backend.app.services.cron_service:Notification Cron Job completed successfully.
INFO:apscheduler.executors.default:Job "process_structure_notifications_job (trigger: cron[minute='*'], next run at: 2026-05-15 02:58:00 +06)" executed successfully
INFO:apscheduler.executors.default:Running job "process_structure_notifications_job (trigger: cron[minute='*'], next run at: 2026-05-15 02:59:00 +06)" (scheduled at 2026-05-15 02:58:00+06:00)
INFO:backend.app.services.cron_service:Executing Notification Cron Job: Checking scheduled SMS and daily web reminders...
INFO:backend.app.services.cron_service:Notification Cron Job completed successfully.
INFO:apscheduler.executors.default:Job "process_structure_notifications_job (trigger: cron[minute='*'], next run at: 2026-05-15 02:59:00 +06)" executed successfully
INFO:apscheduler.executors.default:Running job "process_structure_notifications_job (trigger: cron[minute='*'], next run at: 2026-05-15 03:00:00 +06)" (scheduled at 2026-05-15 02:59:00+06:00)
INFO:backend.app.services.cron_service:Executing Notification Cron Job: Checking scheduled SMS and daily web reminders...
INFO:backend.app.services.cron_service:Notification Cron Job completed successfully.
INFO:apscheduler.executors.default:Job "process_structure_notifications_job (trigger: cron[minute='*'], next run at: 2026-05-15 03:00:00 +06)" executed successfully
INFO:apscheduler.executors.default:Running job "process_structure_notifications_job (trigger: cron[minute='*'], next run at: 2026-05-15 03:01:00 +06)" (scheduled at 2026-05-15 03:00:00+06:00)
INFO:backend.app.services.cron_service:Executing Notification Cron Job: Checking scheduled SMS and daily web reminders...
INFO:backend.app.services.cron_service:Notification Cron Job completed successfully.
INFO:apscheduler.executors.default:Job "process_structure_notifications_job (trigger: cron[minute='*'], next run at: 2026-05-15 03:01:00 +06)" executed successfully
INFO:apscheduler.executors.default:Running job "process_structure_notifications_job (trigger: cron[minute='*'], next run at: 2026-05-15 03:02:00 +06)" (scheduled at 2026-05-15 03:01:00+06:00)
INFO:backend.app.services.cron_service:Executing Notification Cron Job: Checking scheduled SMS and daily web reminders...
INFO:backend.app.services.cron_service:Notification Cron Job completed successfully.
INFO:apscheduler.executors.default:Job "process_structure_notifications_job (trigger: cron[minute='*'], next run at: 2026-05-15 03:02:00 +06)" executed successfully
INFO:apscheduler.executors.default:Running job "process_structure_notifications_job (trigger: cron[minute='*'], next run at: 2026-05-15 03:03:00 +06)" (scheduled at 2026-05-15 03:02:00+06:00)
INFO:backend.app.services.cron_service:Executing Notification Cron Job: Checking scheduled SMS and daily web reminders...
INFO:backend.app.services.cron_service:Notification Cron Job completed successfully.
INFO:apscheduler.executors.default:Job "process_structure_notifications_job (trigger: cron[minute='*'], next run at: 2026-05-15 03:03:00 +06)" executed successfully
INFO:     127.0.0.1:3019 - "POST /api/auth/forgot-password/request HTTP/1.1" 200 OK
INFO:apscheduler.executors.default:Running job "process_structure_notifications_job (trigger: cron[minute='*'], next run at: 2026-05-15 03:04:00 +06)" (scheduled at 2026-05-15 03:03:00+06:00)
INFO:backend.app.services.cron_service:Executing Notification Cron Job: Checking scheduled SMS and daily web reminders...
INFO:backend.app.services.cron_service:Notification Cron Job completed successfully.
INFO:apscheduler.executors.default:Job "process_structure_notifications_job (trigger: cron[minute='*'], next run at: 2026-05-15 03:04:00 +06)" executed successfully
INFO:     127.0.0.1:3027 - "POST /api/auth/forgot-password/verify HTTP/1.1" 500 Internal Server Error
INFO:apscheduler.executors.default:Running job "process_structure_notifications_job (trigger: cron[minute='*'], next run at: 2026-05-15 03:05:00 +06)" (scheduled at 2026-05-15 03:04:00+06:00)
INFO:backend.app.services.cron_service:Executing Notification Cron Job: Checking scheduled SMS and daily web reminders...
INFO:backend.app.services.cron_service:Notification Cron Job completed successfully.
INFO:apscheduler.executors.default:Job "process_structure_notifications_job (trigger: cron[minute='*'], next run at: 2026-05-15 03:05:00 +06)" executed successfully
INFO:apscheduler.executors.default:Running job "process_structure_notifications_job (trigger: cron[minute='*'], next run at: 2026-05-15 03:06:00 +06)" (scheduled at 2026-05-15 03:05:00+06:00)
INFO:backend.app.services.cron_service:Executing Notification Cron Job: Checking scheduled SMS and daily web reminders...
INFO:backend.app.services.cron_service:Notification Cron Job completed successfully.
INFO:apscheduler.executors.default:Job "process_structure_notifications_job (trigger: cron[minute='*'], next run at: 2026-05-15 03:06:00 +06)" executed successfully
INFO:     127.0.0.1:12094 - "POST /api/auth/forgot-password/request HTTP/1.1" 200 OK
INFO:apscheduler.executors.default:Running job "process_structure_notifications_job (trigger: cron[minute='*'], next run at: 2026-05-15 03:07:00 +06)" (scheduled at 2026-05-15 03:06:00+06:00)
INFO:backend.app.services.cron_service:Executing Notification Cron Job: Checking scheduled SMS and daily web reminders...
INFO:backend.app.services.cron_service:Notification Cron Job completed successfully.
INFO:apscheduler.executors.default:Job "process_structure_notifications_job (trigger: cron[minute='*'], next run at: 2026-05-15 03:07:00 +06)" executed successfully
INFO:     127.0.0.1:7982 - "POST /api/auth/forgot-password/verify HTTP/1.1" 500 Internal Server Error
INFO:     127.0.0.1:7993 - "POST /api/auth/forgot-password/verify HTTP/1.1" 404 Not Found
INFO:     127.0.0.1:7994 - "POST /api/auth/forgot-password/verify HTTP/1.1" 404 Not Found
INFO:apscheduler.executors.default:Running job "process_structure_notifications_job (trigger: cron[minute='*'], next run at: 2026-05-15 03:08:00 +06)" (scheduled at 2026-05-15 03:07:00+06:00)
INFO:backend.app.services.cron_service:Executing Notification Cron Job: Checking scheduled SMS and daily web reminders...
INFO:backend.app.services.cron_service:Notification Cron Job completed successfully.
INFO:apscheduler.executors.default:Job "process_structure_notifications_job (trigger: cron[minute='*'], next run at: 2026-05-15 03:08:00 +06)" executed successfully
INFO:apscheduler.executors.default:Running job "process_structure_notifications_job (trigger: cron[minute='*'], next run at: 2026-05-15 03:09:00 +06)" (scheduled at 2026-05-15 03:08:00+06:00)
INFO:backend.app.services.cron_service:Executing Notification Cron Job: Checking scheduled SMS and daily web reminders...
INFO:backend.app.services.cron_service:Notification Cron Job completed successfully.
INFO:apscheduler.executors.default:Job "process_structure_notifications_job (trigger: cron[minute='*'], next run at: 2026-05-15 03:09:00 +06)" executed successfully
INFO:apscheduler.executors.default:Running job "process_structure_notifications_job (trigger: cron[minute='*'], next run at: 2026-05-15 03:10:00 +06)" (scheduled at 2026-05-15 03:09:00+06:00)
INFO:backend.app.services.cron_service:Executing Notification Cron Job: Checking scheduled SMS and daily web reminders...
INFO:backend.app.services.cron_service:Notification Cron Job completed successfully.
INFO:apscheduler.executors.default:Job "process_structure_notifications_job (trigger: cron[minute='*'], next run at: 2026-05-15 03:10:00 +06)" executed successfully
INFO:apscheduler.executors.default:Running job "process_structure_notifications_job (trigger: cron[minute='*'], next run at: 2026-05-15 03:11:00 +06)" (scheduled at 2026-05-15 03:10:00+06:00)
INFO:backend.app.services.cron_service:Executing Notification Cron Job: Checking scheduled SMS and daily web reminders...
INFO:backend.app.services.cron_service:Notification Cron Job completed successfully.
INFO:apscheduler.executors.default:Job "process_structure_notifications_job (trigger: cron[minute='*'], next run at: 2026-05-15 03:11:00 +06)" executed successfully
INFO:apscheduler.executors.default:Running job "process_structure_notifications_job (trigger: cron[minute='*'], next run at: 2026-05-15 03:12:00 +06)" (scheduled at 2026-05-15 03:11:00+06:00)
INFO:backend.app.services.cron_service:Executing Notification Cron Job: Checking scheduled SMS and daily web reminders...
INFO:backend.app.services.cron_service:Notification Cron Job completed successfully.
INFO:apscheduler.executors.default:Job "process_structure_notifications_job (trigger: cron[minute='*'], next run at: 2026-05-15 03:12:00 +06)" executed successfully
INFO:apscheduler.executors.default:Running job "process_structure_notifications_job (trigger: cron[minute='*'], next run at: 2026-05-15 03:13:00 +06)" (scheduled at 2026-05-15 03:12:00+06:00)
INFO:backend.app.services.cron_service:Executing Notification Cron Job: Checking scheduled SMS and daily web reminders...
INFO:backend.app.services.cron_service:Notification Cron Job completed successfully.
INFO:apscheduler.executors.default:Job "process_structure_notifications_job (trigger: cron[minute='*'], next run at: 2026-05-15 03:13:00 +06)" executed successfully
INFO:apscheduler.executors.default:Running job "process_structure_notifications_job (trigger: cron[minute='*'], next run at: 2026-05-15 03:14:00 +06)" (scheduled at 2026-05-15 03:13:00+06:00)
INFO:backend.app.services.cron_service:Executing Notification Cron Job: Checking scheduled SMS and daily web reminders...
INFO:backend.app.services.cron_service:Notification Cron Job completed successfully.
INFO:apscheduler.executors.default:Job "process_structure_notifications_job (trigger: cron[minute='*'], next run at: 2026-05-15 03:14:00 +06)" executed successfully
INFO:apscheduler.executors.default:Running job "process_structure_notifications_job (trigger: cron[minute='*'], next run at: 2026-05-15 03:15:00 +06)" (scheduled at 2026-05-15 03:14:00+06:00)
INFO:backend.app.services.cron_service:Executing Notification Cron Job: Checking scheduled SMS and daily web reminders...
INFO:backend.app.services.cron_service:Notification Cron Job completed successfully.
INFO:apscheduler.executors.default:Job "process_structure_notifications_job (trigger: cron[minute='*'], next run at: 2026-05-15 03:15:00 +06)" executed successfully
INFO:apscheduler.executors.default:Running job "process_structure_notifications_job (trigger: cron[minute='*'], next run at: 2026-05-15 03:16:00 +06)" (scheduled at 2026-05-15 03:15:00+06:00)
INFO:backend.app.services.cron_service:Executing Notification Cron Job: Checking scheduled SMS and daily web reminders...
INFO:backend.app.services.cron_service:Notification Cron Job completed successfully.
INFO:apscheduler.executors.default:Job "process_structure_notifications_job (trigger: cron[minute='*'], next run at: 2026-05-15 03:16:00 +06)" executed successfully
INFO:apscheduler.executors.default:Running job "process_structure_notifications_job (trigger: cron[minute='*'], next run at: 2026-05-15 03:17:00 +06)" (scheduled at 2026-05-15 03:16:00+06:00)
INFO:backend.app.services.cron_service:Executing Notification Cron Job: Checking scheduled SMS and daily web reminders...
INFO:backend.app.services.cron_service:Notification Cron Job completed successfully.
INFO:apscheduler.executors.default:Job "process_structure_notifications_job (trigger: cron[minute='*'], next run at: 2026-05-15 03:17:00 +06)" executed successfully
INFO:apscheduler.executors.default:Running job "process_structure_notifications_job (trigger: cron[minute='*'], next run at: 2026-05-15 03:18:00 +06)" (scheduled at 2026-05-15 03:17:00+06:00)
INFO:backend.app.services.cron_service:Executing Notification Cron Job: Checking scheduled SMS and daily web reminders...
INFO:backend.app.services.cron_service:Notification Cron Job completed successfully.
INFO:apscheduler.executors.default:Job "process_structure_notifications_job (trigger: cron[minute='*'], next run at: 2026-05-15 03:18:00 +06)" executed successfully
INFO:apscheduler.executors.default:Running job "process_structure_notifications_job (trigger: cron[minute='*'], next run at: 2026-05-15 03:19:00 +06)" (scheduled at 2026-05-15 03:18:00+06:00)
INFO:backend.app.services.cron_service:Executing Notification Cron Job: Checking scheduled SMS and daily web reminders...
INFO:backend.app.services.cron_service:Notification Cron Job completed successfully.
INFO:apscheduler.executors.default:Job "process_structure_notifications_job (trigger: cron[minute='*'], next run at: 2026-05-15 03:19:00 +06)" executed successfully
INFO:apscheduler.executors.default:Running job "process_structure_notifications_job (trigger: cron[minute='*'], next run at: 2026-05-15 03:20:00 +06)" (scheduled at 2026-05-15 03:19:00+06:00)
INFO:backend.app.services.cron_service:Executing Notification Cron Job: Checking scheduled SMS and daily web reminders...
INFO:backend.app.services.cron_service:Notification Cron Job completed successfully.
INFO:apscheduler.executors.default:Job "process_structure_notifications_job (trigger: cron[minute='*'], next run at: 2026-05-15 03:20:00 +06)" executed successfully
INFO:apscheduler.executors.default:Running job "process_structure_notifications_job (trigger: cron[minute='*'], next run at: 2026-05-15 03:21:00 +06)" (scheduled at 2026-05-15 03:20:00+06:00)
INFO:backend.app.services.cron_service:Executing Notification Cron Job: Checking scheduled SMS and daily web reminders...
INFO:backend.app.services.cron_service:Notification Cron Job completed successfully.
INFO:apscheduler.executors.default:Job "process_structure_notifications_job (trigger: cron[minute='*'], next run at: 2026-05-15 03:21:00 +06)" executed successfully
INFO:apscheduler.executors.default:Running job "process_structure_notifications_job (trigger: cron[minute='*'], next run at: 2026-05-15 03:22:00 +06)" (scheduled at 2026-05-15 03:21:00+06:00)
INFO:backend.app.services.cron_service:Executing Notification Cron Job: Checking scheduled SMS and daily web reminders...
INFO:backend.app.services.cron_service:Notification Cron Job completed successfully.
INFO:apscheduler.executors.default:Job "process_structure_notifications_job (trigger: cron[minute='*'], next run at: 2026-05-15 03:22:00 +06)" executed successfully
INFO:apscheduler.executors.default:Running job "process_structure_notifications_job (trigger: cron[minute='*'], next run at: 2026-05-15 03:23:00 +06)" (scheduled at 2026-05-15 03:22:00+06:00)
INFO:backend.app.services.cron_service:Executing Notification Cron Job: Checking scheduled SMS and daily web reminders...
INFO:backend.app.services.cron_service:Notification Cron Job completed successfully.
INFO:apscheduler.executors.default:Job "process_structure_notifications_job (trigger: cron[minute='*'], next run at: 2026-05-15 03:23:00 +06)" executed successfully
INFO:apscheduler.executors.default:Running job "process_structure_notifications_job (trigger: cron[minute='*'], next run at: 2026-05-15 03:24:00 +06)" (scheduled at 2026-05-15 03:23:00+06:00)
INFO:backend.app.services.cron_service:Executing Notification Cron Job: Checking scheduled SMS and daily web reminders...
INFO:backend.app.services.cron_service:Notification Cron Job completed successfully.
INFO:apscheduler.executors.default:Job "process_structure_notifications_job (trigger: cron[minute='*'], next run at: 2026-05-15 03:24:00 +06)" executed successfully
INFO:apscheduler.executors.default:Running job "process_structure_notifications_job (trigger: cron[minute='*'], next run at: 2026-05-15 03:25:00 +06)" (scheduled at 2026-05-15 03:24:00+06:00)
INFO:backend.app.services.cron_service:Executing Notification Cron Job: Checking scheduled SMS and daily web reminders...
INFO:backend.app.services.cron_service:Notification Cron Job completed successfully.
INFO:apscheduler.executors.default:Job "process_structure_notifications_job (trigger: cron[minute='*'], next run at: 2026-05-15 03:25:00 +06)" executed successfully
INFO:apscheduler.executors.default:Running job "process_structure_notifications_job (trigger: cron[minute='*'], next run at: 2026-05-15 03:26:00 +06)" (scheduled at 2026-05-15 03:25:00+06:00)
INFO:backend.app.services.cron_service:Executing Notification Cron Job: Checking scheduled SMS and daily web reminders...
INFO:backend.app.services.cron_service:Notification Cron Job completed successfully.
INFO:apscheduler.executors.default:Job "process_structure_notifications_job (trigger: cron[minute='*'], next run at: 2026-05-15 03:26:00 +06)" executed successfully
