[     243ms] [INFO] %cDownload the React DevTools for a better development experience: https://react.dev/link/react-devtools font-weight:bold @ http://localhost:5173/node_modules/.vite/deps/react-dom_client.js?v=f7e7026d:14337
[     435ms] [VERBOSE] [DOM] Input elements should have autocomplete attributes (suggested: "current-password"): (More info: https://goo.gl/9p2vKq) %o @ http://localhost:5173/login:0
[  317501ms] [ERROR] In HTML, %s cannot be a descendant of <%s>.
This will cause a hydration error.%s <button> button 

  ...
    <AuthGuard>
      <Layout>
        <div className="h-[100dvh]...">
          <div>
          <aside>
          <div className="flex-1 fle...">
            <header>
            <main className="flex-1 rel...">
              <Outlet>
                <RenderedRoute match={{params:{}, ...}} routeContext={{outlet:null, ...}}>
                  <Plans>
                    <div ref={{...}} className={"absolute..."}>
                      <div>
                      <div>
                      <div>
                      <div>
                      <div className="absolute t...">
                        <div>
                        <div className="flex-1 spa...">
                          <div className="overflow-h...">
                            <button>
                            <div className="border-t b...">
>                             <button
>                               onClick={function onClick}
>                               className="mb-1 flex w-full items-center justify-between rounded-xl border px-3 py-2 t..."
>                             >
                                <div>
                                <div className="flex items...">
>                                 <button
>                                   type="button"
>                                   onClick={function onClick}
>                                   className="rounded-lg p-1 text-slate-400 transition-colors hover:bg-white hover:te..."
>                                   title="Rename plan"
>                                 >
                              ...
                          ...
                      ...
 @ http://localhost:5173/node_modules/.vite/deps/react-dom_client.js?v=f7e7026d:1772
[  317501ms] [ERROR] <%s> cannot contain a nested %s.
See this log for the ancestor stack trace. button <button> @ http://localhost:5173/node_modules/.vite/deps/react-dom_client.js?v=f7e7026d:1774
[  319760ms] [WARNING] Canvas2D: Multiple readback operations using getImageData are faster with the willReadFrequently attribute set to true. See: https://html.spec.whatwg.org/multipage/canvas.html#concept-canvas-will-read-frequently @ http://localhost:5173/src/pages/Plans.tsx?t=1778156301660:1509
[  774840ms] [LOG] [vite] server connection lost. Polling for restart... @ http://localhost:5173/@vite/client:968
