[     276ms] [INFO] %cDownload the React DevTools for a better development experience: https://react.dev/link/react-devtools font-weight:bold @ http://localhost:5173/node_modules/.vite/deps/react-dom_client.js?v=f7e7026d:14337
[     481ms] [VERBOSE] [DOM] Input elements should have autocomplete attributes (suggested: "current-password"): (More info: https://goo.gl/9p2vKq) %o @ http://localhost:5173/login:0
[   29626ms] [ERROR] In HTML, %s cannot be a descendant of <%s>.
This will cause a hydration error.%s <button> button 

  ...
    <AuthGuard>
      <Layout>
        <div className="h-[100dvh]...">
          <div>
          <aside>
          <div className="flex-1 fle...">
            <header>
            <main className="flex-1 rel...">
              <Outlet>
                <RenderedRoute match={{params:{}, ...}} routeContext={{outlet:null, ...}}>
                  <Plans>
                    <div ref={{...}} className={"absolute..."}>
                      <div>
                      <div>
                      <div>
                      <div>
                      <div className="absolute t...">
                        <div>
                        <div className="flex-1 spa...">
                          <div className="overflow-h...">
                            <button>
                            <div className="border-t b...">
>                             <button
>                               onClick={function onClick}
>                               className="mb-1 flex w-full items-center justify-between rounded-xl border px-3 py-2 t..."
>                             >
                                <div>
                                <div className="flex items...">
>                                 <button
>                                   type="button"
>                                   onClick={function onClick}
>                                   className="rounded-lg p-1 text-slate-400 transition-colors hover:bg-white hover:te..."
>                                   title="Rename plan"
>                                 >
                                  ...
                              ...
                          ...
                      ...
 @ http://localhost:5173/node_modules/.vite/deps/react-dom_client.js?v=f7e7026d:1772
[   29627ms] [ERROR] <%s> cannot contain a nested %s.
See this log for the ancestor stack trace. button <button> @ http://localhost:5173/node_modules/.vite/deps/react-dom_client.js?v=f7e7026d:1774
[   30702ms] [ERROR] Failed to build page thumbnail RenderingCancelledException @ http://localhost:5173/src/pages/Plans.tsx:1376
[   30707ms] RenderingCancelledException
[  123641ms] [WARNING] Canvas2D: Multiple readback operations using getImageData are faster with the willReadFrequently attribute set to true. See: https://html.spec.whatwg.org/multipage/canvas.html#concept-canvas-will-read-frequently @ http://localhost:5173/src/pages/Plans.tsx:1468
[  188606ms] [ERROR] Failed to load resource: the server responded with a status of 404 (Not Found) @ http://localhost:8000/api/hierarchy/drawings/12/annotations?page_id=pdf:1:0
[  188609ms] [ERROR] Failed to load annotations AxiosError: Request failed with status code 404
    at settle (http://localhost:5173/node_modules/.vite/deps/axios.js?v=f7e7026d:1665:14)
    at XMLHttpRequest.onloadend (http://localhost:5173/node_modules/.vite/deps/axios.js?v=f7e7026d:1998:4)
    at Axios$1.request (http://localhost:5173/node_modules/.vite/deps/axios.js?v=f7e7026d:2571:37)
    at async Object.getDrawingAnnotations (http://localhost:5173/src/services/api.ts:123:20)
    at async reloadCurrentPageAnnotations (http://localhost:5173/src/pages/Plans.tsx:1006:21) @ http://localhost:5173/src/pages/Plans.tsx:1009
[  286553ms] [ERROR] Access to XMLHttpRequest at 'http://localhost:8000/api/hierarchy/drawings/12/annotations' from origin 'http://localhost:5173' has been blocked by CORS policy: No 'Access-Control-Allow-Origin' header is present on the requested resource. @ http://localhost:5173/plans:0
[  286554ms] [ERROR] Failed to save annotations AxiosError: Network Error
    at XMLHttpRequest.handleError (http://localhost:5173/node_modules/.vite/deps/axios.js?v=f7e7026d:2026:16)
    at Axios$1.request (http://localhost:5173/node_modules/.vite/deps/axios.js?v=f7e7026d:2571:37)
    at async Object.saveDrawingAnnotations (http://localhost:5173/src/services/api.ts:137:20)
    at async persistAnnotations (http://localhost:5173/src/pages/Plans.tsx?t=1778084517498:851:21) @ http://localhost:5173/src/pages/Plans.tsx?t=1778084517498:865
[  286555ms] [ERROR] Failed to load resource: net::ERR_FAILED @ http://localhost:8000/api/hierarchy/drawings/12/annotations:0
[  289955ms] [ERROR] Failed to load resource: the server responded with a status of 404 (Not Found) @ http://localhost:8000/api/hierarchy/drawings/12/annotations/ee36e35a-0d5a-4fa4-bf56-5f51948d3738:0
[  332253ms] [ERROR] Access to XMLHttpRequest at 'http://localhost:8000/api/hierarchy/drawings/12/annotations' from origin 'http://localhost:5173' has been blocked by CORS policy: No 'Access-Control-Allow-Origin' header is present on the requested resource. @ http://localhost:5173/plans:0
[  332253ms] [ERROR] Failed to save annotations AxiosError: Network Error
    at XMLHttpRequest.handleError (http://localhost:5173/node_modules/.vite/deps/axios.js?v=f7e7026d:2026:16)
    at Axios$1.request (http://localhost:5173/node_modules/.vite/deps/axios.js?v=f7e7026d:2571:37)
    at async Object.saveDrawingAnnotations (http://localhost:5173/src/services/api.ts:137:20)
    at async persistAnnotations (http://localhost:5173/src/pages/Plans.tsx?t=1778084517498:851:21) @ http://localhost:5173/src/pages/Plans.tsx?t=1778084517498:865
[  332254ms] [ERROR] Failed to load resource: net::ERR_FAILED @ http://localhost:8000/api/hierarchy/drawings/12/annotations:0
[  337704ms] [ERROR] Failed to load resource: the server responded with a status of 404 (Not Found) @ http://localhost:8000/api/hierarchy/drawings/12/annotations/48096ee2-f5f3-40c7-a81e-7b7f830a0fd8:0
